# JRE version: 7.0_17-b02
# Java VM: Java HotSpot(TM) Client VM (23.7-b01 mixed mode windows-x86 )
Heap
 def new generation   total 19264K, used 17440K [0x03800000, 0x04ce0000, 0x08d50000)
  eden space 17152K,  98% used [0x03800000, 0x04871438, 0x048c0000)
  from space 2112K,  28% used [0x048c0000, 0x04956e90, 0x04ad0000)
  to   space 2112K,   0% used [0x04ad0000, 0x04ad0000, 0x04ce0000)
 tenured generation   total 42644K, used 30754K [0x08d50000, 0x0b6f5000, 0x13800000)
   the space 42644K,  72% used [0x08d50000, 0x0ab58bd8, 0x0ab58c00, 0x0b6f5000)
 compacting perm gen  total 12288K, used 11552K [0x13800000, 0x14400000, 0x17800000)
   the space 12288K,  94% used [0x13800000, 0x143480c0, 0x14348200, 0x14400000)
GC Heap History (10 events):
Event: 183.500 GC heap before
{Heap before GC invocations=134 (full 47):
 def new generation   total 19264K, used 17774K [0x03800000, 0x04ce0000, 0x08d50000)
  eden space 17152K, 100% used [0x03800000, 0x048c0000, 0x048c0000)
  from space 2112K,  29% used [0x04ad0000, 0x04b6bba0, 0x04ce0000)
  to   space 2112K,   0% used [0x048c0000, 0x048c0000, 0x04ad0000)
 tenured generation   total 42644K, used 30754K [0x08d50000, 0x0b6f5000, 0x13800000)
   the space 42644K,  72% used [0x08d50000, 0x0ab58bd8, 0x0ab58c00, 0x0b6f5000)
 compacting perm gen  total 12288K, used 11483K [0x13800000, 0x14400000, 0x17800000)
   the space 12288K,  93% used [0x13800000, 0x14336cb0, 0x14336e00, 0x14400000)
No shared spaces configured.
Event: 183.504 GC heap after
Heap after GC invocations=135 (full 47):
 def new generation   total 19264K, used 505K [0x03800000, 0x04ce0000, 0x08d50000)
  eden space 17152K,   0% used [0x03800000, 0x03800000, 0x048c0000)
  from space 2112K,  23% used [0x048c0000, 0x0493e400, 0x04ad0000)
  to   space 2112K,   0% used [0x04ad0000, 0x04ad0000, 0x04ce0000)
 tenured generation   total 42644K, used 30754K [0x08d50000, 0x0b6f5000, 0x13800000)
   the space 42644K,  72% used [0x08d50000, 0x0ab58bd8, 0x0ab58c00, 0x0b6f5000)
 compacting perm gen  total 12288K, used 11483K [0x13800000, 0x14400000, 0x17800000)
   the space 12288K,  93% used [0x13800000, 0x14336cb0, 0x14336e00, 0x14400000)
No shared spaces configured.
}
Event: 200.578 GC heap before
{Heap before GC invocations=135 (full 47):
 def new generation   total 19264K, used 17657K [0x03800000, 0x04ce0000, 0x08d50000)
  eden space 17152K, 100% used [0x03800000, 0x048c0000, 0x048c0000)
  from space 2112K,  23% used [0x048c0000, 0x0493e400, 0x04ad0000)
  to   space 2112K,   0% used [0x04ad0000, 0x04ad0000, 0x04ce0000)
 tenured generation   total 42644K, used 30754K [0x08d50000, 0x0b6f5000, 0x13800000)
   the space 42644K,  72% used [0x08d50000, 0x0ab58bd8, 0x0ab58c00, 0x0b6f5000)
 compacting perm gen  total 12288K, used 11483K [0x13800000, 0x14400000, 0x17800000)
   the space 12288K,  93% used [0x13800000, 0x14336cd0, 0x14336e00, 0x14400000)
No shared spaces configured.
Event: 200.580 GC heap after
Heap after GC invocations=136 (full 47):
 def new generation   total 19264K, used 532K [0x03800000, 0x04ce0000, 0x08d50000)
  eden space 17152K,   0% used [0x03800000, 0x03800000, 0x048c0000)
  from space 2112K,  25% used [0x04ad0000, 0x04b55118, 0x04ce0000)
  to   space 2112K,   0% used [0x048c0000, 0x048c0000, 0x04ad0000)
 tenured generation   total 42644K, used 30754K [0x08d50000, 0x0b6f5000, 0x13800000)
   the space 42644K,  72% used [0x08d50000, 0x0ab58bd8, 0x0ab58c00, 0x0b6f5000)
 compacting perm gen  total 12288K, used 11483K [0x13800000, 0x14400000, 0x17800000)
   the space 12288K,  93% used [0x13800000, 0x14336cd0, 0x14336e00, 0x14400000)
No shared spaces configured.
}
Event: 225.690 GC heap before
{Heap before GC invocations=136 (full 47):
 def new generation   total 19264K, used 17684K [0x03800000, 0x04ce0000, 0x08d50000)
  eden space 17152K, 100% used [0x03800000, 0x048c0000, 0x048c0000)
  from space 2112K,  25% used [0x04ad0000, 0x04b55118, 0x04ce0000)
  to   space 2112K,   0% used [0x048c0000, 0x048c0000, 0x04ad0000)
 tenured generation   total 42644K, used 30754K [0x08d50000, 0x0b6f5000, 0x13800000)
   the space 42644K,  72% used [0x08d50000, 0x0ab58bd8, 0x0ab58c00, 0x0b6f5000)
 compacting perm gen  total 12288K, used 11483K [0x13800000, 0x14400000, 0x17800000)
   the space 12288K,  93% used [0x13800000, 0x14336ce0, 0x14336e00, 0x14400000)
No shared spaces configured.
Event: 225.693 GC heap after
Heap after GC invocations=137 (full 47):
 def new generation   total 19264K, used 545K [0x03800000, 0x04ce0000, 0x08d50000)
  eden space 17152K,   0% used [0x03800000, 0x03800000, 0x048c0000)
  from space 2112K,  25% used [0x048c0000, 0x04948678, 0x04ad0000)
  to   space 2112K,   0% used [0x04ad0000, 0x04ad0000, 0x04ce0000)
 tenured generation   total 42644K, used 30754K [0x08d50000, 0x0b6f5000, 0x13800000)
   the space 42644K,  72% used [0x08d50000, 0x0ab58bd8, 0x0ab58c00, 0x0b6f5000)
 compacting perm gen  total 12288K, used 11483K [0x13800000, 0x14400000, 0x17800000)
   the space 12288K,  93% used [0x13800000, 0x14336ce0, 0x14336e00, 0x14400000)
No shared spaces configured.
}
Event: 235.037 GC heap before
{Heap before GC invocations=137 (full 47):
 def new generation   total 19264K, used 17697K [0x03800000, 0x04ce0000, 0x08d50000)
  eden space 17152K, 100% used [0x03800000, 0x048c0000, 0x048c0000)
  from space 2112K,  25% used [0x048c0000, 0x04948678, 0x04ad0000)
  to   space 2112K,   0% used [0x04ad0000, 0x04ad0000, 0x04ce0000)
 tenured generation   total 42644K, used 30754K [0x08d50000, 0x0b6f5000, 0x13800000)
   the space 42644K,  72% used [0x08d50000, 0x0ab58bd8, 0x0ab58c00, 0x0b6f5000)
 compacting perm gen  total 12288K, used 11485K [0x13800000, 0x14400000, 0x17800000)
   the space 12288K,  93% used [0x13800000, 0x14337430, 0x14337600, 0x14400000)
No shared spaces configured.
Event: 235.039 GC heap after
Heap after GC invocations=138 (full 47):
 def new generation   total 19264K, used 565K [0x03800000, 0x04ce0000, 0x08d50000)
  eden space 17152K,   0% used [0x03800000, 0x03800000, 0x048c0000)
  from space 2112K,  26% used [0x04ad0000, 0x04b5d498, 0x04ce0000)
  to   space 2112K,   0% used [0x048c0000, 0x048c0000, 0x04ad0000)
 tenured generation   total 42644K, used 30754K [0x08d50000, 0x0b6f5000, 0x13800000)
   the space 42644K,  72% used [0x08d50000, 0x0ab58bd8, 0x0ab58c00, 0x0b6f5000)
 compacting perm gen  total 12288K, used 11485K [0x13800000, 0x14400000, 0x17800000)
   the space 12288K,  93% used [0x13800000, 0x14337430, 0x14337600, 0x14400000)
No shared spaces configured.
}
Event: 327.524 GC heap before
{Heap before GC invocations=138 (full 47):
 def new generation   total 19264K, used 17717K [0x03800000, 0x04ce0000, 0x08d50000)
  eden space 17152K, 100% used [0x03800000, 0x048c0000, 0x048c0000)
  from space 2112K,  26% used [0x04ad0000, 0x04b5d498, 0x04ce0000)
  to   space 2112K,   0% used [0x048c0000, 0x048c0000, 0x04ad0000)
 tenured generation   total 42644K, used 30754K [0x08d50000, 0x0b6f5000, 0x13800000)
   the space 42644K,  72% used [0x08d50000, 0x0ab58bd8, 0x0ab58c00, 0x0b6f5000)
 compacting perm gen  total 12288K, used 11550K [0x13800000, 0x14400000, 0x17800000)
   the space 12288K,  93% used [0x13800000, 0x14347990, 0x14347a00, 0x14400000)
No shared spaces configured.
Event: 327.527 GC heap after
Heap after GC invocations=139 (full 47):
 def new generation   total 19264K, used 603K [0x03800000, 0x04ce0000, 0x08d50000)
  eden space 17152K,   0% used [0x03800000, 0x03800000, 0x048c0000)
  from space 2112K,  28% used [0x048c0000, 0x04956e90, 0x04ad0000)
  to   space 2112K,   0% used [0x04ad0000, 0x04ad0000, 0x04ce0000)
 tenured generation   total 42644K, used 30754K [0x08d50000, 0x0b6f5000, 0x13800000)
   the space 42644K,  72% used [0x08d50000, 0x0ab58bd8, 0x0ab58c00, 0x0b6f5000)
 compacting perm gen  total 12288K, used 11550K [0x13800000, 0x14400000, 0x17800000)
   the space 12288K,  93% used [0x13800000, 0x14347990, 0x14347a00, 0x14400000)
No shared spaces configured.
}

