# JRE version: 7.0_17-b02
# Java VM: Java HotSpot(TM) Client VM (23.7-b01 mixed mode windows-x86 )
Heap
 def new generation   total 19584K, used 2772K [0x038e0000, 0x04e20000, 0x08e30000)
  eden space 17408K,  10% used [0x038e0000, 0x03aa0b18, 0x049e0000)
  from space 2176K,  44% used [0x049e0000, 0x04ad46d0, 0x04c00000)
  to   space 2176K,   0% used [0x04c00000, 0x04c00000, 0x04e20000)
 tenured generation   total 43440K, used 3828K [0x08e30000, 0x0b89c000, 0x138e0000)
   the space 43440K,   8% used [0x08e30000, 0x091ed128, 0x091ed200, 0x0b89c000)
 compacting perm gen  total 12288K, used 10369K [0x138e0000, 0x144e0000, 0x178e0000)
   the space 12288K,  84% used [0x138e0000, 0x143007c8, 0x14300800, 0x144e0000)
GC Heap History (10 events):
Event: 4.930 GC heap before
{Heap before GC invocations=33 (full 11):
 def new generation   total 19584K, used 19584K [0x038e0000, 0x04e20000, 0x08e30000)
  eden space 17408K, 100% used [0x038e0000, 0x049e0000, 0x049e0000)
  from space 2176K, 100% used [0x04c00000, 0x04e20000, 0x04e20000)
  to   space 2176K,   0% used [0x049e0000, 0x049e0000, 0x04c00000)
 tenured generation   total 43440K, used 25565K [0x08e30000, 0x0b89c000, 0x138e0000)
   the space 43440K,  58% used [0x08e30000, 0x0a7274a8, 0x0a727600, 0x0b89c000)
 compacting perm gen  total 12288K, used 4140K [0x138e0000, 0x144e0000, 0x178e0000)
   the space 12288K,  33% used [0x138e0000, 0x13ceb348, 0x13ceb400, 0x144e0000)
No shared spaces configured.
Event: 4.955 GC heap after
Heap after GC invocations=34 (full 11):
 def new generation   total 19584K, used 2176K [0x038e0000, 0x04e20000, 0x08e30000)
  eden space 17408K,   0% used [0x038e0000, 0x038e0000, 0x049e0000)
  from space 2176K, 100% used [0x049e0000, 0x04c00000, 0x04c00000)
  to   space 2176K,   0% used [0x04c00000, 0x04c00000, 0x04e20000)
 tenured generation   total 43440K, used 35486K [0x08e30000, 0x0b89c000, 0x138e0000)
   the space 43440K,  81% used [0x08e30000, 0x0b0d79a8, 0x0b0d7a00, 0x0b89c000)
 compacting perm gen  total 12288K, used 4140K [0x138e0000, 0x144e0000, 0x178e0000)
   the space 12288K,  33% used [0x138e0000, 0x13ceb348, 0x13ceb400, 0x144e0000)
No shared spaces configured.
}
Event: 5.237 GC heap before
{Heap before GC invocations=34 (full 11):
 def new generation   total 19584K, used 19584K [0x038e0000, 0x04e20000, 0x08e30000)
  eden space 17408K, 100% used [0x038e0000, 0x049e0000, 0x049e0000)
  from space 2176K, 100% used [0x049e0000, 0x04c00000, 0x04c00000)
  to   space 2176K,   0% used [0x04c00000, 0x04c00000, 0x04e20000)
 tenured generation   total 43440K, used 35486K [0x08e30000, 0x0b89c000, 0x138e0000)
   the space 43440K,  81% used [0x08e30000, 0x0b0d79a8, 0x0b0d7a00, 0x0b89c000)
 compacting perm gen  total 12288K, used 4643K [0x138e0000, 0x144e0000, 0x178e0000)
   the space 12288K,  37% used [0x138e0000, 0x13d68fa8, 0x13d69000, 0x144e0000)
No shared spaces configured.
Event: 5.305 GC heap after
Heap after GC invocations=35 (full 12):
 def new generation   total 19584K, used 0K [0x038e0000, 0x04e20000, 0x08e30000)
  eden space 17408K,   0% used [0x038e0000, 0x038e0000, 0x049e0000)
  from space 2176K,   0% used [0x04c00000, 0x04c00000, 0x04e20000)
  to   space 2176K,   0% used [0x049e0000, 0x049e0000, 0x04c00000)
 tenured generation   total 43440K, used 1073K [0x08e30000, 0x0b89c000, 0x138e0000)
   the space 43440K,   2% used [0x08e30000, 0x08f3c5a0, 0x08f3c600, 0x0b89c000)
 compacting perm gen  total 12288K, used 4643K [0x138e0000, 0x144e0000, 0x178e0000)
   the space 12288K,  37% used [0x138e0000, 0x13d68f28, 0x13d69000, 0x144e0000)
No shared spaces configured.
}
Event: 8.317 GC heap before
{Heap before GC invocations=35 (full 12):
 def new generation   total 19584K, used 17408K [0x038e0000, 0x04e20000, 0x08e30000)
  eden space 17408K, 100% used [0x038e0000, 0x049e0000, 0x049e0000)
  from space 2176K,   0% used [0x04c00000, 0x04c00000, 0x04e20000)
  to   space 2176K,   0% used [0x049e0000, 0x049e0000, 0x04c00000)
 tenured generation   total 43440K, used 1073K [0x08e30000, 0x0b89c000, 0x138e0000)
   the space 43440K,   2% used [0x08e30000, 0x08f3c5a0, 0x08f3c600, 0x0b89c000)
 compacting perm gen  total 12288K, used 7116K [0x138e0000, 0x144e0000, 0x178e0000)
   the space 12288K,  57% used [0x138e0000, 0x13fd30a8, 0x13fd3200, 0x144e0000)
No shared spaces configured.
Event: 8.322 GC heap after
Heap after GC invocations=36 (full 12):
 def new generation   total 19584K, used 2176K [0x038e0000, 0x04e20000, 0x08e30000)
  eden space 17408K,   0% used [0x038e0000, 0x038e0000, 0x049e0000)
  from space 2176K, 100% used [0x049e0000, 0x04c00000, 0x04c00000)
  to   space 2176K,   0% used [0x04c00000, 0x04c00000, 0x04e20000)
 tenured generation   total 43440K, used 1285K [0x08e30000, 0x0b89c000, 0x138e0000)
   the space 43440K,   2% used [0x08e30000, 0x08f71780, 0x08f71800, 0x0b89c000)
 compacting perm gen  total 12288K, used 7116K [0x138e0000, 0x144e0000, 0x178e0000)
   the space 12288K,  57% used [0x138e0000, 0x13fd30a8, 0x13fd3200, 0x144e0000)
No shared spaces configured.
}
Event: 14.401 GC heap before
{Heap before GC invocations=36 (full 12):
 def new generation   total 19584K, used 19584K [0x038e0000, 0x04e20000, 0x08e30000)
  eden space 17408K, 100% used [0x038e0000, 0x049e0000, 0x049e0000)
  from space 2176K, 100% used [0x049e0000, 0x04c00000, 0x04c00000)
  to   space 2176K,   0% used [0x04c00000, 0x04c00000, 0x04e20000)
 tenured generation   total 43440K, used 1285K [0x08e30000, 0x0b89c000, 0x138e0000)
   the space 43440K,   2% used [0x08e30000, 0x08f71780, 0x08f71800, 0x0b89c000)
 compacting perm gen  total 12288K, used 9696K [0x138e0000, 0x144e0000, 0x178e0000)
   the space 12288K,  78% used [0x138e0000, 0x14258018, 0x14258200, 0x144e0000)
No shared spaces configured.
Event: 14.410 GC heap after
Heap after GC invocations=37 (full 12):
 def new generation   total 19584K, used 2176K [0x038e0000, 0x04e20000, 0x08e30000)
  eden space 17408K,   0% used [0x038e0000, 0x038e0000, 0x049e0000)
  from space 2176K, 100% used [0x04c00000, 0x04e20000, 0x04e20000)
  to   space 2176K,   0% used [0x049e0000, 0x049e0000, 0x04c00000)
 tenured generation   total 43440K, used 2561K [0x08e30000, 0x0b89c000, 0x138e0000)
   the space 43440K,   5% used [0x08e30000, 0x090b0630, 0x090b0800, 0x0b89c000)
 compacting perm gen  total 12288K, used 9696K [0x138e0000, 0x144e0000, 0x178e0000)
   the space 12288K,  78% used [0x138e0000, 0x14258018, 0x14258200, 0x144e0000)
No shared spaces configured.
}
Event: 110.378 GC heap before
{Heap before GC invocations=37 (full 12):
 def new generation   total 19584K, used 19584K [0x038e0000, 0x04e20000, 0x08e30000)
  eden space 17408K, 100% used [0x038e0000, 0x049e0000, 0x049e0000)
  from space 2176K, 100% used [0x04c00000, 0x04e20000, 0x04e20000)
  to   space 2176K,   0% used [0x049e0000, 0x049e0000, 0x04c00000)
 tenured generation   total 43440K, used 2561K [0x08e30000, 0x0b89c000, 0x138e0000)
   the space 43440K,   5% used [0x08e30000, 0x090b0630, 0x090b0800, 0x0b89c000)
 compacting perm gen  total 12288K, used 10357K [0x138e0000, 0x144e0000, 0x178e0000)
   the space 12288K,  84% used [0x138e0000, 0x142fd430, 0x142fd600, 0x144e0000)
No shared spaces configured.
Event: 110.386 GC heap after
Heap after GC invocations=38 (full 12):
 def new generation   total 19584K, used 977K [0x038e0000, 0x04e20000, 0x08e30000)
  eden space 17408K,   0% used [0x038e0000, 0x038e0000, 0x049e0000)
  from space 2176K,  44% used [0x049e0000, 0x04ad46d0, 0x04c00000)
  to   space 2176K,   0% used [0x04c00000, 0x04c00000, 0x04e20000)
 tenured generation   total 43440K, used 3828K [0x08e30000, 0x0b89c000, 0x138e0000)
   the space 43440K,   8% used [0x08e30000, 0x091ed128, 0x091ed200, 0x0b89c000)
 compacting perm gen  total 12288K, used 10357K [0x138e0000, 0x144e0000, 0x178e0000)
   the space 12288K,  84% used [0x138e0000, 0x142fd430, 0x142fd600, 0x144e0000)
No shared spaces configured.
}

