# JRE version: 7.0_17-b02
# Java VM: Java HotSpot(TM) Client VM (23.7-b01 mixed mode windows-x86 )
Heap
 def new generation   total 19584K, used 16610K [0x03970000, 0x04eb0000, 0x08ec0000)
  eden space 17408K,  82% used [0x03970000, 0x04788b50, 0x04a70000)
  from space 2176K, 100% used [0x04c90000, 0x04eb0000, 0x04eb0000)
  to   space 2176K,   0% used [0x04a70000, 0x04a70000, 0x04c90000)
 tenured generation   total 43392K, used 27930K [0x08ec0000, 0x0b920000, 0x13970000)
   the space 43392K,  64% used [0x08ec0000, 0x0aa06918, 0x0aa06a00, 0x0b920000)
 compacting perm gen  total 12288K, used 10291K [0x13970000, 0x14570000, 0x17970000)
   the space 12288K,  83% used [0x13970000, 0x1437cfc0, 0x1437d000, 0x14570000)
GC Heap History (10 events):
Event: 5.262 GC heap before
{Heap before GC invocations=32 (full 10):
 def new generation   total 19584K, used 19584K [0x03970000, 0x04eb0000, 0x08ec0000)
  eden space 17408K, 100% used [0x03970000, 0x04a70000, 0x04a70000)
  from space 2176K, 100% used [0x04a70000, 0x04c90000, 0x04c90000)
  to   space 2176K,   0% used [0x04c90000, 0x04c90000, 0x04eb0000)
 tenured generation   total 43392K, used 34146K [0x08ec0000, 0x0b920000, 0x13970000)
   the space 43392K,  78% used [0x08ec0000, 0x0b018830, 0x0b018a00, 0x0b920000)
 compacting perm gen  total 12288K, used 4140K [0x13970000, 0x14570000, 0x17970000)
   the space 12288K,  33% used [0x13970000, 0x13d7b328, 0x13d7b400, 0x14570000)
No shared spaces configured.
Event: 5.331 GC heap after
Heap after GC invocations=33 (full 11):
 def new generation   total 19584K, used 0K [0x03970000, 0x04eb0000, 0x08ec0000)
  eden space 17408K,   0% used [0x03970000, 0x03970000, 0x04a70000)
  from space 2176K,   0% used [0x04c90000, 0x04c90000, 0x04eb0000)
  to   space 2176K,   0% used [0x04a70000, 0x04a70000, 0x04c90000)
 tenured generation   total 43392K, used 1602K [0x08ec0000, 0x0b920000, 0x13970000)
   the space 43392K,   3% used [0x08ec0000, 0x090509e0, 0x09050a00, 0x0b920000)
 compacting perm gen  total 12288K, used 4140K [0x13970000, 0x14570000, 0x17970000)
   the space 12288K,  33% used [0x13970000, 0x13d7b328, 0x13d7b400, 0x14570000)
No shared spaces configured.
}
Event: 5.431 GC heap before
{Heap before GC invocations=33 (full 11):
 def new generation   total 19584K, used 17408K [0x03970000, 0x04eb0000, 0x08ec0000)
  eden space 17408K, 100% used [0x03970000, 0x04a70000, 0x04a70000)
  from space 2176K,   0% used [0x04c90000, 0x04c90000, 0x04eb0000)
  to   space 2176K,   0% used [0x04a70000, 0x04a70000, 0x04c90000)
 tenured generation   total 43392K, used 1602K [0x08ec0000, 0x0b920000, 0x13970000)
   the space 43392K,   3% used [0x08ec0000, 0x090509e0, 0x09050a00, 0x0b920000)
 compacting perm gen  total 12288K, used 4140K [0x13970000, 0x14570000, 0x17970000)
   the space 12288K,  33% used [0x13970000, 0x13d7b328, 0x13d7b400, 0x14570000)
No shared spaces configured.
Event: 5.452 GC heap after
Heap after GC invocations=34 (full 11):
 def new generation   total 19584K, used 2176K [0x03970000, 0x04eb0000, 0x08ec0000)
  eden space 17408K,   0% used [0x03970000, 0x03970000, 0x04a70000)
  from space 2176K, 100% used [0x04a70000, 0x04c90000, 0x04c90000)
  to   space 2176K,   0% used [0x04c90000, 0x04c90000, 0x04eb0000)
 tenured generation   total 43392K, used 9516K [0x08ec0000, 0x0b920000, 0x13970000)
   the space 43392K,  21% used [0x08ec0000, 0x0980b1c8, 0x0980b200, 0x0b920000)
 compacting perm gen  total 12288K, used 4140K [0x13970000, 0x14570000, 0x17970000)
   the space 12288K,  33% used [0x13970000, 0x13d7b328, 0x13d7b400, 0x14570000)
No shared spaces configured.
}
Event: 5.640 GC heap before
{Heap before GC invocations=34 (full 11):
 def new generation   total 19584K, used 19584K [0x03970000, 0x04eb0000, 0x08ec0000)
  eden space 17408K, 100% used [0x03970000, 0x04a70000, 0x04a70000)
  from space 2176K, 100% used [0x04a70000, 0x04c90000, 0x04c90000)
  to   space 2176K,   0% used [0x04c90000, 0x04c90000, 0x04eb0000)
 tenured generation   total 43392K, used 9516K [0x08ec0000, 0x0b920000, 0x13970000)
   the space 43392K,  21% used [0x08ec0000, 0x0980b1c8, 0x0980b200, 0x0b920000)
 compacting perm gen  total 12288K, used 4643K [0x13970000, 0x14570000, 0x17970000)
   the space 12288K,  37% used [0x13970000, 0x13df8f78, 0x13df9000, 0x14570000)
No shared spaces configured.
Event: 5.683 GC heap after
Heap after GC invocations=35 (full 11):
 def new generation   total 19584K, used 2176K [0x03970000, 0x04eb0000, 0x08ec0000)
  eden space 17408K,   0% used [0x03970000, 0x03970000, 0x04a70000)
  from space 2176K, 100% used [0x04c90000, 0x04eb0000, 0x04eb0000)
  to   space 2176K,   0% used [0x04a70000, 0x04a70000, 0x04c90000)
 tenured generation   total 43392K, used 24290K [0x08ec0000, 0x0b920000, 0x13970000)
   the space 43392K,  55% used [0x08ec0000, 0x0a678b70, 0x0a678c00, 0x0b920000)
 compacting perm gen  total 12288K, used 4643K [0x13970000, 0x14570000, 0x17970000)
   the space 12288K,  37% used [0x13970000, 0x13df8f78, 0x13df9000, 0x14570000)
No shared spaces configured.
}
Event: 8.528 GC heap before
{Heap before GC invocations=35 (full 11):
 def new generation   total 19584K, used 19584K [0x03970000, 0x04eb0000, 0x08ec0000)
  eden space 17408K, 100% used [0x03970000, 0x04a70000, 0x04a70000)
  from space 2176K, 100% used [0x04c90000, 0x04eb0000, 0x04eb0000)
  to   space 2176K,   0% used [0x04a70000, 0x04a70000, 0x04c90000)
 tenured generation   total 43392K, used 24290K [0x08ec0000, 0x0b920000, 0x13970000)
   the space 43392K,  55% used [0x08ec0000, 0x0a678b70, 0x0a678c00, 0x0b920000)
 compacting perm gen  total 12288K, used 7117K [0x13970000, 0x14570000, 0x17970000)
   the space 12288K,  57% used [0x13970000, 0x14063590, 0x14063600, 0x14570000)
No shared spaces configured.
Event: 8.545 GC heap after
Heap after GC invocations=36 (full 11):
 def new generation   total 19584K, used 2176K [0x03970000, 0x04eb0000, 0x08ec0000)
  eden space 17408K,   0% used [0x03970000, 0x03970000, 0x04a70000)
  from space 2176K, 100% used [0x04a70000, 0x04c90000, 0x04c90000)
  to   space 2176K,   0% used [0x04c90000, 0x04c90000, 0x04eb0000)
 tenured generation   total 43392K, used 26661K [0x08ec0000, 0x0b920000, 0x13970000)
   the space 43392K,  61% used [0x08ec0000, 0x0a8c94c0, 0x0a8c9600, 0x0b920000)
 compacting perm gen  total 12288K, used 7117K [0x13970000, 0x14570000, 0x17970000)
   the space 12288K,  57% used [0x13970000, 0x14063590, 0x14063600, 0x14570000)
No shared spaces configured.
}
Event: 12.959 GC heap before
{Heap before GC invocations=36 (full 11):
 def new generation   total 19584K, used 19584K [0x03970000, 0x04eb0000, 0x08ec0000)
  eden space 17408K, 100% used [0x03970000, 0x04a70000, 0x04a70000)
  from space 2176K, 100% used [0x04a70000, 0x04c90000, 0x04c90000)
  to   space 2176K,   0% used [0x04c90000, 0x04c90000, 0x04eb0000)
 tenured generation   total 43392K, used 26661K [0x08ec0000, 0x0b920000, 0x13970000)
   the space 43392K,  61% used [0x08ec0000, 0x0a8c94c0, 0x0a8c9600, 0x0b920000)
 compacting perm gen  total 12288K, used 9700K [0x13970000, 0x14570000, 0x17970000)
   the space 12288K,  78% used [0x13970000, 0x142e9270, 0x142e9400, 0x14570000)
No shared spaces configured.
Event: 12.968 GC heap after
Heap after GC invocations=37 (full 11):
 def new generation   total 19584K, used 2176K [0x03970000, 0x04eb0000, 0x08ec0000)
  eden space 17408K,   0% used [0x03970000, 0x03970000, 0x04a70000)
  from space 2176K, 100% used [0x04c90000, 0x04eb0000, 0x04eb0000)
  to   space 2176K,   0% used [0x04a70000, 0x04a70000, 0x04c90000)
 tenured generation   total 43392K, used 27930K [0x08ec0000, 0x0b920000, 0x13970000)
   the space 43392K,  64% used [0x08ec0000, 0x0aa06918, 0x0aa06a00, 0x0b920000)
 compacting perm gen  total 12288K, used 9700K [0x13970000, 0x14570000, 0x17970000)
   the space 12288K,  78% used [0x13970000, 0x142e9270, 0x142e9400, 0x14570000)
No shared spaces configured.
}

